<?xml version="1.0" encoding="UTF-8"?>
<testng-results skipped="0" failed="1" total="1" passed="0">
  <reporter-output>
  </reporter-output>
  <suite name="Default suite" duration-ms="35086" started-at="2014-08-13T12:52:08Z" finished-at="2014-08-13T12:52:43Z">
    <groups>
    </groups>
    <test name="Default test" duration-ms="35086" started-at="2014-08-13T12:52:08Z" finished-at="2014-08-13T12:52:43Z">
      <class name="tests.Help">
        <test-method status="PASS" signature="setUp()[pri:0, instance:tests.Help@4afaa1a4]" name="setUp" is-config="true" duration-ms="6" started-at="2014-08-13T16:52:08Z" finished-at="2014-08-13T16:52:08Z">
          <reporter-output>
          </reporter-output>
        </test-method> <!-- setUp -->
        <test-method status="FAIL" signature="testHelp()[pri:0, instance:tests.Help@4afaa1a4]" name="testHelp" duration-ms="34891" started-at="2014-08-13T16:52:08Z" finished-at="2014-08-13T16:52:43Z">
          <exception class="org.openqa.selenium.WebDriverException">
            <message>
              <![CDATA[f.QueryInterface is not a function
Command duration or timeout: 30.11 seconds
Build info: version: '2.39.0', revision: 'ff23eac', time: '2013-12-16 16:11:15'
System info: host: 'Surprise', ip: '10.0.1.241', os.name: 'Windows 7', os.arch: 'amd64', os.version: '6.1', java.version: '1.7.0_55'
Session ID: 28fb30f7-06d6-4c82-93be-855cc94b5086
Driver info: org.openqa.selenium.firefox.FirefoxDriver
Capabilities [{platform=XP, databaseEnabled=true, cssSelectorsEnabled=true, javascriptEnabled=true, acceptSslCerts=true, handlesAlerts=true, browserName=firefox, webStorageEnabled=true, nativeEvents=false, rotatable=false, locationContextEnabled=true, applicationCacheEnabled=true, takesScreenshot=true, version=31.0}]]]>
            </message>
            <full-stacktrace>
              <![CDATA[org.openqa.selenium.WebDriverException: f.QueryInterface is not a function
Command duration or timeout: 30.11 seconds
Build info: version: '2.39.0', revision: 'ff23eac', time: '2013-12-16 16:11:15'
System info: host: 'Surprise', ip: '10.0.1.241', os.name: 'Windows 7', os.arch: 'amd64', os.version: '6.1', java.version: '1.7.0_55'
Session ID: 28fb30f7-06d6-4c82-93be-855cc94b5086
Driver info: org.openqa.selenium.firefox.FirefoxDriver
Capabilities [{platform=XP, databaseEnabled=true, cssSelectorsEnabled=true, javascriptEnabled=true, acceptSslCerts=true, handlesAlerts=true, browserName=firefox, webStorageEnabled=true, nativeEvents=false, rotatable=false, locationContextEnabled=true, applicationCacheEnabled=true, takesScreenshot=true, version=31.0}]
	at sun.reflect.NativeConstructorAccessorImpl.newInstance0(Native Method)
	at sun.reflect.NativeConstructorAccessorImpl.newInstance(Unknown Source)
	at sun.reflect.DelegatingConstructorAccessorImpl.newInstance(Unknown Source)
	at java.lang.reflect.Constructor.newInstance(Unknown Source)
	at org.openqa.selenium.remote.ErrorHandler.createThrowable(ErrorHandler.java:193)
	at org.openqa.selenium.remote.ErrorHandler.throwIfResponseFailed(ErrorHandler.java:145)
	at org.openqa.selenium.remote.RemoteWebDriver.execute(RemoteWebDriver.java:554)
	at org.openqa.selenium.remote.RemoteWebDriver.get(RemoteWebDriver.java:276)
	at fw.ApplicationManager.getDriver(ApplicationManager.java:58)
	at fw.WebDriverHelperBase.<init>(WebDriverHelperBase.java:29)
	at fw.NavigationHelper.<init>(NavigationHelper.java:8)
	at fw.ApplicationManager.navigateTo(ApplicationManager.java:32)
	at tests.Help.testHelp(Help.java:13)
	at sun.reflect.NativeMethodAccessorImpl.invoke0(Native Method)
	at sun.reflect.NativeMethodAccessorImpl.invoke(Unknown Source)
	at sun.reflect.DelegatingMethodAccessorImpl.invoke(Unknown Source)
	at java.lang.reflect.Method.invoke(Unknown Source)
	at org.testng.internal.MethodInvocationHelper.invokeMethod(MethodInvocationHelper.java:84)
	at org.testng.internal.Invoker.invokeMethod(Invoker.java:714)
	at org.testng.internal.Invoker.invokeTestMethod(Invoker.java:901)
	at org.testng.internal.Invoker.invokeTestMethods(Invoker.java:1231)
	at org.testng.internal.TestMethodWorker.invokeTestMethods(TestMethodWorker.java:127)
	at org.testng.internal.TestMethodWorker.run(TestMethodWorker.java:111)
	at org.testng.TestRunner.privateRun(TestRunner.java:767)
	at org.testng.TestRunner.run(TestRunner.java:617)
	at org.testng.SuiteRunner.runTest(SuiteRunner.java:334)
	at org.testng.SuiteRunner.runSequentially(SuiteRunner.java:329)
	at org.testng.SuiteRunner.privateRun(SuiteRunner.java:291)
	at org.testng.SuiteRunner.run(SuiteRunner.java:240)
	at org.testng.SuiteRunnerWorker.runSuite(SuiteRunnerWorker.java:52)
	at org.testng.SuiteRunnerWorker.run(SuiteRunnerWorker.java:86)
	at org.testng.TestNG.runSuitesSequentially(TestNG.java:1224)
	at org.testng.TestNG.runSuitesLocally(TestNG.java:1149)
	at org.testng.TestNG.run(TestNG.java:1057)
	at org.testng.remote.RemoteTestNG.run(RemoteTestNG.java:111)
	at org.testng.remote.RemoteTestNG.initAndRun(RemoteTestNG.java:204)
	at org.testng.remote.RemoteTestNG.main(RemoteTestNG.java:175)
Caused by: org.openqa.selenium.remote.ErrorHandler$UnknownServerException: f.QueryInterface is not a function
Build info: version: '2.39.0', revision: 'ff23eac', time: '2013-12-16 16:11:15'
System info: host: 'Surprise', ip: '10.0.1.241', os.name: 'Windows 7', os.arch: 'amd64', os.version: '6.1', java.version: '1.7.0_55'
Driver info: driver.version: unknown
	at <anonymous class>.FirefoxDriver.prototype.get(file:///C:/Users/OANANI~1/AppData/Local/Temp/anonymous6308456176987105230webdriver-profile/extensions/fxdriver@googlecode.com/components/driver_component.js:8720:8)
	at <anonymous class>.DelayedCommand.prototype.executeInternal_/h(file:///C:/Users/OANANI~1/AppData/Local/Temp/anonymous6308456176987105230webdriver-profile/extensions/fxdriver@googlecode.com/components/command_processor.js:10831:16)
	at <anonymous class>.fxdriver.Timer.prototype.setTimeout/<.notify(file:///C:/Users/OANANI~1/AppData/Local/Temp/anonymous6308456176987105230webdriver-profile/extensions/fxdriver@googlecode.com/components/command_processor.js:396:5)
]]>
            </full-stacktrace>
          </exception> <!-- org.openqa.selenium.WebDriverException -->
          <reporter-output>
          </reporter-output>
        </test-method> <!-- testHelp -->
        <test-method status="PASS" signature="tearDown()[pri:0, instance:tests.Help@4afaa1a4]" name="tearDown" is-config="true" duration-ms="168" started-at="2014-08-13T16:52:43Z" finished-at="2014-08-13T16:52:43Z">
          <reporter-output>
          </reporter-output>
        </test-method> <!-- tearDown -->
      </class> <!-- tests.Help -->
    </test> <!-- Default test -->
  </suite> <!-- Default suite -->
</testng-results>
